<?xml version="1.0" encoding="UTF-8"?>
<!-- Generated by org.testng.reporters.JUnitReportReporter -->
<testsuite skipped="0" hostname="WINDOWS-A8A1UNJ" name="ownProject.AppiumProject.EcommerceLogin" tests="2" failures="0" timestamp="2020-03-29T21:15:55 IST" time="310.019" errors="0">
  <testcase name="testLoginError" time="115.984" classname="ownProject.AppiumProject.EcommerceLogin"/>
  <system-out/>
  <testcase name="testLogin" time="194.035" classname="ownProject.AppiumProject.EcommerceLogin"/>
  <system-out/>
</testsuite> <!-- ownProject.AppiumProject.EcommerceLogin -->
